This is pdfTeXk, Version 3.141592-1.40.3 (Web2C 7.5.6) (format=pdflatex 2009.11.19)  4 FEB 2010 20:59
entering extended mode
 %&-line parsing enabled.
**/home/jpivarski/work/hepr8.physics.tamu.edu/talks/tdr2/papers/tmp/CFT-09-016_
temp.tex

(/home/jpivarski/work/hepr8.physics.tamu.edu/talks/tdr2/papers/tmp/CFT-09-016_t
emp.tex
LaTeX2e <2005/12/01>
Babel <v3.8h> and hyphenation patterns for english, usenglishmax, dumylang, noh
yphenation, loaded.

(/home/jpivarski/work/hepr8.physics.tamu.edu/talks/tdr2/papers/general/cms-tdr.
cls
=======================================================
 
 CMS TDR/NOTE style. Version 826
 
 Lucas Taylor, 2010-01-10
 
=======================================================
Document Class: cms-tdr 2006/12/21
(/usr/share/texmf-texlive/tex/latex/base/ifthen.sty
Package: ifthen 2001/05/26 v1.1c Standard LaTeX ifthen package (DPC)
)
Using article 11pt\ option
Using article twoside\ option
Using article a4paper\ option
Not using cms note sub-class
(/usr/share/texmf-texlive/tex/latex/base/article.cls
Document Class: article 2005/09/16 v1.4f Standard LaTeX document class
(/usr/share/texmf-texlive/tex/latex/base/size11.clo
File: size11.clo 2005/09/16 v1.4f Standard LaTeX file (size option)
)
\c@part=\count79
\c@section=\count80
\c@subsection=\count81
\c@subsubsection=\count82
\c@paragraph=\count83
\c@subparagraph=\count84
\c@figure=\count85
\c@table=\count86
\abovecaptionskip=\skip41
\belowcaptionskip=\skip42
\bibindent=\dimen102
) (/usr/share/texmf-texlive/tex/latex/fancybox/fancybox.sty
Package: fancybox 2000/09/19 1.3
Style option: `fancybox' v1.3 <2000/09/19> (tvz)
\@fancybox=\box26
\shadowsize=\dimen103
\@Sbox=\box27
\do@VerbBox=\toks14
\the@fancyput=\toks15
\this@fancyput=\toks16
\EndVerbatimTokens=\toks17
\Verbatim@Outfile=\write3
\Verbatim@Infile=\read1
) (/usr/share/texmf-texlive/tex/latex/tools/multicol.sty
Package: multicol 2006/05/18 v1.6g multicolumn formatting (FMi)
\c@tracingmulticols=\count87
\mult@box=\box28
\multicol@leftmargin=\dimen104
\c@unbalance=\count88
\c@collectmore=\count89
\doublecol@number=\count90
\multicoltolerance=\count91
\multicolpretolerance=\count92
\full@width=\dimen105
\page@free=\dimen106
\premulticols=\dimen107
\postmulticols=\dimen108
\multicolsep=\skip43
\multicolbaselineskip=\skip44
\partial@page=\box29
\last@line=\box30
\mult@rightbox=\box31
\mult@grightbox=\box32
\mult@gfirstbox=\box33
\mult@firstbox=\box34
\@tempa=\box35
\@tempa=\box36
\@tempa=\box37
\@tempa=\box38
\@tempa=\box39
\@tempa=\box40
\@tempa=\box41
\@tempa=\box42
\@tempa=\box43
\@tempa=\box44
\@tempa=\box45
\@tempa=\box46
\@tempa=\box47
\@tempa=\box48
\@tempa=\box49
\@tempa=\box50
\@tempa=\box51
\c@columnbadness=\count93
\c@finalcolumnbadness=\count94
\last@try=\dimen109
\multicolovershoot=\dimen110
\multicolundershoot=\dimen111
\mult@nat@firstbox=\box52
\colbreak@box=\box53
) (/usr/share/texmf-texlive/tex/latex/tools/longtable.sty
Package: longtable 2004/02/01 v4.11 Multi-page Table package (DPC)
\LTleft=\skip45
\LTright=\skip46
\LTpre=\skip47
\LTpost=\skip48
\LTchunksize=\count95
\LTcapwidth=\dimen112
\LT@head=\box54
\LT@firsthead=\box55
\LT@foot=\box56
\LT@lastfoot=\box57
\LT@cols=\count96
\LT@rows=\count97
\c@LT@tables=\count98
\c@LT@chunks=\count99
\LT@p@ftn=\toks18
) (/usr/share/texmf-texlive/tex/latex/tools/array.sty
Package: array 2005/08/23 v2.4b Tabular extension package (FMi)
\col@sep=\dimen113
\extrarowheight=\dimen114
\NC@list=\toks19
\extratabsurround=\skip49
\backup@length=\skip50
) (/usr/share/texmf-texlive/tex/latex/lineno/lineno.sty
Package: lineno 2005/11/02 line numbers on paragraphs v4.41
\linenopenalty=\count100
\output=\toks20
\linenoprevgraf=\count101
\linenumbersep=\dimen115
\linenumberwidth=\dimen116
\c@linenumber=\count102
\c@pagewiselinenumber=\count103
\c@LN@truepage=\count104
\c@internallinenumber=\count105
\c@internallinenumbers=\count106
\quotelinenumbersep=\dimen117
\bframerule=\dimen118
\bframesep=\dimen119
\bframebox=\box58
LaTeX Info: Redefining \\ on input line 3056.
) (/usr/share/texmf-texlive/tex/latex/fancyhdr/fancyhdr.sty
\fancy@headwidth=\skip51
\f@ncyO@elh=\skip52
\f@ncyO@erh=\skip53
\f@ncyO@olh=\skip54
\f@ncyO@orh=\skip55
\f@ncyO@elf=\skip56
\f@ncyO@erf=\skip57
\f@ncyO@olf=\skip58
\f@ncyO@orf=\skip59
) (/usr/share/texmf-texlive/tex/latex/subfigure/subfigure.sty
Package: subfigure 2002/03/15 v2.1.5 subfigure package
\subfigtopskip=\skip60
\subfigcapskip=\skip61
\subfigcaptopadj=\dimen120
\subfigbottomskip=\skip62
\subfigcapmargin=\dimen121
\subfiglabelskip=\skip63
\c@subfigure=\count107
\c@lofdepth=\count108
\c@subtable=\count109
\c@lotdepth=\count110
****************************************
* Local config file subfigure.cfg used *
****************************************
(/usr/share/texmf-texlive/tex/latex/subfigure/subfigure.cfg)
\subfig@top=\skip64
\subfig@bottom=\skip65
) (/usr/share/texmf-texlive/tex/latex/tools/xspace.sty
Package: xspace 2006/05/08 v1.12 Space after command names (DPC,MH)
) (/usr/share/texmf-texlive/tex/latex/multirow/multirow.sty
\bigstrutjot=\dimen122
) (/usr/share/texmf-texlive/tex/latex/graphics/color.sty
Package: color 2005/11/14 v1.0j Standard LaTeX Color (DPC)
(/etc/texmf/tex/latex/config/color.cfg
File: color.cfg 2007/01/18 v1.5 color configuration of teTeX/TeXLive
)
Package color Info: Driver file: pdftex.def on input line 130.
(/usr/share/texmf-texlive/tex/latex/pdftex-def/pdftex.def
File: pdftex.def 2007/01/08 v0.04d Graphics/color for pdfTeX
\Gread@gobject=\count111
)) (/usr/share/texmf-texlive/tex/latex/amsmath/amsmath.sty
Package: amsmath 2000/07/18 v2.13 AMS math features
\@mathmargin=\skip66
For additional information on amsmath, use the `?' option.
(/usr/share/texmf-texlive/tex/latex/amsmath/amstext.sty
Package: amstext 2000/06/29 v2.01
(/usr/share/texmf-texlive/tex/latex/amsmath/amsgen.sty
File: amsgen.sty 1999/11/30 v2.0
\@emptytoks=\toks21
\ex@=\dimen123
)) (/usr/share/texmf-texlive/tex/latex/amsmath/amsbsy.sty
Package: amsbsy 1999/11/29 v1.2d
\pmbraise@=\dimen124
) (/usr/share/texmf-texlive/tex/latex/amsmath/amsopn.sty
Package: amsopn 1999/12/14 v2.01 operator names
)
\inf@bad=\count112
LaTeX Info: Redefining \frac on input line 211.
\uproot@=\count113
\leftroot@=\count114
LaTeX Info: Redefining \overline on input line 307.
\classnum@=\count115
\DOTSCASE@=\count116
LaTeX Info: Redefining \ldots on input line 379.
LaTeX Info: Redefining \dots on input line 382.
LaTeX Info: Redefining \cdots on input line 467.
\Mathstrutbox@=\box59
\strutbox@=\box60
\big@size=\dimen125
LaTeX Font Info:    Redeclaring font encoding OML on input line 567.
LaTeX Font Info:    Redeclaring font encoding OMS on input line 568.
\macc@depth=\count117
\c@MaxMatrixCols=\count118
\dotsspace@=\muskip10
\c@parentequation=\count119
\dspbrk@lvl=\count120
\tag@help=\toks22
\row@=\count121
\column@=\count122
\maxfields@=\count123
\andhelp@=\toks23
\eqnshift@=\dimen126
\alignsep@=\dimen127
\tagshift@=\dimen128
\tagwidth@=\dimen129
\totwidth@=\dimen130
\lineht@=\dimen131
\@envbody=\toks24
\multlinegap=\skip67
\multlinetaggap=\skip68
\mathdisplay@stack=\toks25
LaTeX Info: Redefining \[ on input line 2666.
LaTeX Info: Redefining \] on input line 2667.
) (/usr/share/texmf-texlive/tex/latex/amsfonts/amssymb.sty
Package: amssymb 2002/01/22 v2.2d
(/usr/share/texmf-texlive/tex/latex/amsfonts/amsfonts.sty
Package: amsfonts 2001/10/25 v2.2f
\symAMSa=\mathgroup4
\symAMSb=\mathgroup5
LaTeX Font Info:    Overwriting math alphabet `\mathfrak' in version `bold'
(Font)                  U/euf/m/n --> U/euf/b/n on input line 132.
))
(/home/jpivarski/work/hepr8.physics.tamu.edu/talks/tdr2/papers/general/pennames
-pazo.sty)
(/home/jpivarski/work/hepr8.physics.tamu.edu/talks/tdr2/papers/general/topcapt.
sty
Package: topcapt 2004/12/11 v1.2 Caption at top of float
) (/usr/share/texmf-texlive/tex/generic/oberdiek/ifpdf.sty
Package: ifpdf 2006/02/20 v1.4 Provides the ifpdf switch (HO)
Package ifpdf Info: pdfTeX in pdf mode detected.
)
(/home/jpivarski/work/hepr8.physics.tamu.edu/talks/tdr2/papers/general/pdfdraft
copy.sty
Package: pdfdraftcopy 2003/08/11 1.2 Draft copy in PDF (CVR)
(/usr/share/texmf-texlive/tex/latex/graphics/graphicx.sty
Package: graphicx 1999/02/16 v1.0f Enhanced LaTeX Graphics (DPC,SPQR)
(/usr/share/texmf-texlive/tex/latex/graphics/keyval.sty
Package: keyval 1999/03/16 v1.13 key=value parser (DPC)
\KV@toks@=\toks26
) (/usr/share/texmf-texlive/tex/latex/graphics/graphics.sty
Package: graphics 2006/02/20 v1.0o Standard LaTeX Graphics (DPC,SPQR)
(/usr/share/texmf-texlive/tex/latex/graphics/trig.sty
Package: trig 1999/03/16 v1.09 sin cos tan (DPC)
) (/etc/texmf/tex/latex/config/graphics.cfg
File: graphics.cfg 2007/01/18 v1.5 graphics configuration of teTeX/TeXLive
)
Package graphics Info: Driver file: pdftex.def on input line 90.
)
\Gin@req@height=\dimen132
\Gin@req@width=\dimen133
) (/usr/share/texmf-texlive/tex/latex/ltxmisc/chngpage.sty
Package: chngpage 2003/08/10 v1.2 change page layout
\c@cp@cnt=\count124
\c@cp@tempcnt=\count125
)
\LLY=\dimen134
\LLX=\dimen135
\URX=\dimen136
\URY=\dimen137
\topmargin=\dimen138
\bottommargin=\dimen139
) (/usr/share/texmf-texlive/tex/latex/psnfss/palatino.sty
Package: palatino 2005/04/12 PSNFSS-v9.2a (SPQR) 
) (/usr/share/texmf-texlive/tex/latex/psnfss/mathpazo.sty
Package: mathpazo 2005/04/12 PSNFSS-v9.2a Palatino w/ Pazo Math (D.Puga, WaS) 
\symupright=\mathgroup6
) (/usr/share/texmf-texlive/tex/latex/psnfss/helvet.sty
Package: helvet 2005/04/12 PSNFSS-v9.2a (WaS) 
) (/usr/share/texmf-texlive/tex/latex/sectsty/sectsty.sty
Package: sectsty 2002/02/25 v2.0.2 Commands to change all sectional heading sty
les
)
\parskipsaved=\skip69
(/usr/share/texmf-texlive/tex/latex/graphics/lscape.sty
Package: lscape 2000/10/22 v3.01 Landscape Pages (DPC)
) (/usr/share/texmf-texlive/tex/latex/rotating/rotating.sty
Package: rotating 1997/09/26, v2.13 Rotation package
\c@r@tfl@t=\count126
\rot@float@box=\box61
) (/usr/share/texmf-texlive/tex/latex/hyperref/hyperref.sty
Package: hyperref 2007/02/07 v6.75r Hypertext links for LaTeX
\@linkdim=\dimen140
\Hy@linkcounter=\count127
\Hy@pagecounter=\count128
(/usr/share/texmf-texlive/tex/latex/hyperref/pd1enc.def
File: pd1enc.def 2007/02/07 v6.75r Hyperref: PDFDocEncoding definition (HO)
) (/etc/texmf/tex/latex/config/hyperref.cfg
File: hyperref.cfg 2002/06/06 v1.2 hyperref configuration of TeXLive
) (/usr/share/texmf-texlive/tex/latex/oberdiek/kvoptions.sty
Package: kvoptions 2006/08/22 v2.4 Connects package keyval with LaTeX options (
HO)
)
Package hyperref Info: Option `bookmarksnumbered' set `true' on input line 2238
.
Package hyperref Info: Option `bookmarksopen' set `true' on input line 2238.
Package hyperref Info: Option `colorlinks' set `false' on input line 2238.
Package hyperref Info: Option `plainpages' set `false' on input line 2238.
Package hyperref Info: Option `pdfpagelabels' set `true' on input line 2238.
Package hyperref Info: Hyper figures OFF on input line 2288.
Package hyperref Info: Link nesting OFF on input line 2293.
Package hyperref Info: Hyper index ON on input line 2296.
Package hyperref Info: Plain pages OFF on input line 2303.
Package hyperref Info: Backreferencing OFF on input line 2308.
Implicit mode ON; LaTeX internals redefined
Package hyperref Info: Bookmarks ON on input line 2444.
(/usr/share/texmf-texlive/tex/latex/ltxmisc/url.sty
\Urlmuskip=\muskip11
Package: url 2005/06/27  ver 3.2  Verb mode for urls, etc.
)
LaTeX Info: Redefining \url on input line 2599.
\Fld@menulength=\count129
\Field@Width=\dimen141
\Fld@charsize=\dimen142
\Choice@toks=\toks27
\Field@toks=\toks28
Package hyperref Info: Hyper figures OFF on input line 3102.
Package hyperref Info: Link nesting OFF on input line 3107.
Package hyperref Info: Hyper index ON on input line 3110.
Package hyperref Info: backreferencing OFF on input line 3117.
Package hyperref Info: Link coloring OFF on input line 3122.
\Hy@abspage=\count130
\c@Item=\count131
\c@Hfootnote=\count132
)
*hyperref using default driver hpdftex*
(/usr/share/texmf-texlive/tex/latex/hyperref/hpdftex.def
File: hpdftex.def 2007/02/07 v6.75r Hyperref driver for pdfTeX
\Fld@listcount=\count133
) (/usr/share/texmf-texlive/tex/latex/natbib/natbib.sty
Package: natbib 2007/02/05 8.0 (PWD)
\bibhang=\skip70
\bibsep=\skip71
LaTeX Info: Redefining \cite on input line 602.
\c@NAT@ctr=\count134
)
(/home/jpivarski/work/hepr8.physics.tamu.edu/talks/tdr2/papers/general/hypernat
.sty
Package: hypernat 2001/07/09 v1.0b hyperref and natbib compatibility (jb)
)
Defining CMS Note commands
\cmsinstskip=\skip72
\cmsauthskip=\skip73
\c@author=\count135
\c@address=\count136
\CMSabstractbox=\box62
)
(/home/jpivarski/work/hepr8.physics.tamu.edu/talks/tdr2/papers/tmp/CFT-09-016_t
emp.aux)
\openout1 = `CFT-09-016_temp.aux'.

LaTeX Font Info:    Checking defaults for OML/cmm/m/it on input line 16.
LaTeX Font Info:    ... okay on input line 16.
LaTeX Font Info:    Checking defaults for T1/cmr/m/n on input line 16.
LaTeX Font Info:    ... okay on input line 16.
LaTeX Font Info:    Checking defaults for OT1/cmr/m/n on input line 16.
LaTeX Font Info:    ... okay on input line 16.
LaTeX Font Info:    Checking defaults for OMS/cmsy/m/n on input line 16.
LaTeX Font Info:    ... okay on input line 16.
LaTeX Font Info:    Checking defaults for OMX/cmex/m/n on input line 16.
LaTeX Font Info:    ... okay on input line 16.
LaTeX Font Info:    Checking defaults for U/cmr/m/n on input line 16.
LaTeX Font Info:    ... okay on input line 16.
LaTeX Font Info:    Checking defaults for PD1/pdf/m/n on input line 16.
LaTeX Font Info:    ... okay on input line 16.
LaTeX Font Info:    Try loading font information for OT1+ppl on input line 16.
LaTeX Font Info:    <567INP ot1ppl.fd> on input line 16.
(/usr/share/texmf-texlive/tex/latex/psnfss/ot1ppl.fd
File: ot1ppl.fd 2001/06/04 font definitions for OT1/ppl.
)
<567INP supp-pdf>
Package hyperref Info: Link coloring OFF on input line 16.
<567INP nameref.sty>
(/usr/share/texmf-texlive/tex/latex/hyperref/nameref.sty
Package: nameref 2006/12/27 v2.28 Cross-referencing by name of section
<567INP refcount.sty>
(/usr/share/texmf-texlive/tex/latex/oberdiek/refcount.sty
Package: refcount 2006/02/20 v3.0 Data extraction from references (HO)
)
\c@section@level=\count137
)
LaTeX Info: Redefining \ref on input line 16.
LaTeX Info: Redefining \pageref on input line 16.
<567INP CFT-09-016_temp.out>

(/home/jpivarski/work/hepr8.physics.tamu.edu/talks/tdr2/papers/tmp/CFT-09-016_t
emp.out)
<567INP CFT-09-016_temp.out>

(/home/jpivarski/work/hepr8.physics.tamu.edu/talks/tdr2/papers/tmp/CFT-09-016_t
emp.out)
\@outlinefile=\write4
\openout4 = `CFT-09-016_temp.out'.

<567INP ptdr-definitions>

(/home/jpivarski/work/hepr8.physics.tamu.edu/talks/tdr2/papers/general/ptdr-def
initions.tex)
LaTeX Font Info:    Font shape `OT1/ppl/bx/n' in size <14.4> not available
(Font)              Font shape `OT1/ppl/b/n' tried instead on input line 78.
<789FIG cms_draft_paper 0>


pdfTeX warning: pdflatex (file /home/jpivarski/work/hepr8.physics.tamu.edu/talk
s/tdr2/papers/general/cms_draft_paper.pdf): PDF inclusion: found PDF version <1
.5>, but at most version <1.4> allowed
<cms_draft_paper.pdf, id=75, 455.24379pt x 102.42967pt>
File: cms_draft_paper.pdf Graphic file (type pdf)
<use cms_draft_paper.pdf>
LaTeX Font Info:    Try loading font information for OML+zplm on input line 78.

LaTeX Font Info:    <567INP omlzplm.fd> on input line 78.
(/usr/share/texmf-texlive/tex/latex/psnfss/omlzplm.fd
File: omlzplm.fd 2002/09/08 Fontinst v1.914 font definitions for OML/zplm.
)
LaTeX Font Info:    Try loading font information for OMS+zplm on input line 78.

LaTeX Font Info:    <567INP omszplm.fd> on input line 78.
(/usr/share/texmf-texlive/tex/latex/psnfss/omszplm.fd
File: omszplm.fd 2002/09/08 Fontinst v1.914 font definitions for OMS/zplm.
)
LaTeX Font Info:    Try loading font information for OMX+zplm on input line 78.

LaTeX Font Info:    <567INP omxzplm.fd> on input line 78.
(/usr/share/texmf-texlive/tex/latex/psnfss/omxzplm.fd
File: omxzplm.fd 2002/09/08 Fontinst v1.914 font definitions for OMX/zplm.
)
LaTeX Font Info:    Font shape `U/msa/m/n' will be
(Font)              scaled to size 12.50409pt on input line 78.
LaTeX Font Info:    Font shape `U/msa/m/n' will be
(Font)              scaled to size 9.37807pt on input line 78.
LaTeX Font Info:    Font shape `U/msa/m/n' will be
(Font)              scaled to size 7.29405pt on input line 78.
LaTeX Font Info:    Font shape `U/msb/m/n' will be
(Font)              scaled to size 12.50409pt on input line 78.
LaTeX Font Info:    Font shape `U/msb/m/n' will be
(Font)              scaled to size 9.37807pt on input line 78.
LaTeX Font Info:    Font shape `U/msb/m/n' will be
(Font)              scaled to size 7.29405pt on input line 78.
LaTeX Font Info:    Try loading font information for OT1+zplm on input line 78.

LaTeX Font Info:    <567INP ot1zplm.fd> on input line 78.
(/usr/share/texmf-texlive/tex/latex/psnfss/ot1zplm.fd
File: ot1zplm.fd 2002/09/08 Fontinst v1.914 font definitions for OT1/zplm.
)
LaTeX Font Info:    Font shape `U/msa/m/n' will be
(Font)              scaled to size 11.40997pt on input line 78.
LaTeX Font Info:    Font shape `U/msa/m/n' will be
(Font)              scaled to size 8.33606pt on input line 78.
LaTeX Font Info:    Font shape `U/msa/m/n' will be
(Font)              scaled to size 6.25204pt on input line 78.
LaTeX Font Info:    Font shape `U/msb/m/n' will be
(Font)              scaled to size 11.40997pt on input line 78.
LaTeX Font Info:    Font shape `U/msb/m/n' will be
(Font)              scaled to size 8.33606pt on input line 78.
LaTeX Font Info:    Font shape `U/msb/m/n' will be
(Font)              scaled to size 6.25204pt on input line 78.

Overfull \hbox (16.25954pt too wide) in paragraph at lines 78--78
[] [][][]
 []


Underfull \hbox (badness 10000) in paragraph at lines 78--78

 []

<789FIG BigDraft 0>
<BigDraft.pdf, id=76, 597.50829pt x 845.0471pt>
File: BigDraft.pdf Graphic file (type pdf)
<use BigDraft.pdf> [1

{/var/lib/texmf/fonts/map/pdftex/updmap/pdftex.map} </home/jpivarski/work/hepr8
.physics.tamu.edu/talks/tdr2/papers/general/BigDraft.pdf

pdfTeX warning: pdflatex (file /home/jpivarski/work/hepr8.physics.tamu.edu/talk
s/tdr2/papers/general/BigDraft.pdf): PDF inclusion: Page Group detected which p
dfTeX can't handle. Ignoring it.
> </home/jpivarski/work/hepr8.physics.tamu.edu/talks/tdr2/papers/general/cms_dr
aft_paper.pdf>]
<789FIG BigDraft 0>
File: BigDraft.pdf Graphic file (type pdf)
<use BigDraft.pdf> [2

]
LaTeX Font Info:    Try loading font information for OT1+phv on input line 83.
LaTeX Font Info:    <567INP ot1phv.fd> on input line 83.
(/usr/share/texmf-texlive/tex/latex/psnfss/ot1phv.fd
File: ot1phv.fd 2001/06/04 scalable font definitions for OT1/phv.
)
LaTeX Font Info:    Font shape `OT1/phv/bx/n' in size <14.4> not available
(Font)              Font shape `OT1/phv/b/n' tried instead on input line 83.
<789FIG plots/intro_geom/muon_system_labeled2.pdf 0>

<plots/intro_geom/muon_system_labeled2.pdf, id=129, 731.99878pt x 538.17253pt>
File: plots/intro_geom/muon_system_labeled2.pdf Graphic file (type pdf)
<use plots/intro_geom/muon_system_labeled2.pdf>
<789FIG plots/intro_geom/muoneverything.pdf 1>
<plots/intro_geom/muoneverything.pdf, id=130, 973.59615pt x 348.23503pt>
File: plots/intro_geom/muoneverything.pdf Graphic file (type pdf)
<use plots/intro_geom/muoneverything.pdf>
LaTeX Font Info:    Font shape `OT1/phv/bx/n' in size <10.95> not available
(Font)              Font shape `OT1/phv/b/n' tried instead on input line 173.
<789FIG BigDraft 2>
File: BigDraft.pdf Graphic file (type pdf)
<use BigDraft.pdf> [1]
LaTeX Font Info:    Font shape `OT1/phv/bx/n' in size <10> not available
(Font)              Font shape `OT1/phv/b/n' tried instead on input line 173.
<789FIG BigDraft 2>
File: BigDraft.pdf Graphic file (type pdf)
<use BigDraft.pdf> [2 </home/jpivarski/work/hepr8.physics.tamu.edu/talks/tdr2/p
apers/CFT-09-016/trunk/plots/intro_geom/muon_system_labeled2.pdf

pdfTeX warning: pdflatex (file /home/jpivarski/work/hepr8.physics.tamu.edu/talk
s/tdr2/papers/CFT-09-016/trunk/plots/intro_geom/muon_system_labeled2.pdf): PDF 
inclusion: Page Group detected which pdfTeX can't handle. Ignoring it.
> </home/jpivarski/work/hepr8.physics.tamu.edu/talks/tdr2/papers/CFT-09-016/tru
nk/plots/intro_geom/muoneverything.pdf

pdfTeX warning: pdflatex (file /home/jpivarski/work/hepr8.physics.tamu.edu/talk
s/tdr2/papers/CFT-09-016/trunk/plots/intro_geom/muoneverything.pdf): PDF inclus
ion: Page Group detected which pdfTeX can't handle. Ignoring it.
>]
<789FIG BigDraft 2>
File: BigDraft.pdf Graphic file (type pdf)
<use BigDraft.pdf> [3]
<789FIG plots/gma_hip_algorithm/dt_coordinates.pdf 3>

<plots/gma_hip_algorithm/dt_coordinates.pdf, id=175, 433.51659pt x 324.90985pt>
File: plots/gma_hip_algorithm/dt_coordinates.pdf Graphic file (type pdf)
<use plots/gma_hip_algorithm/dt_coordinates.pdf>
<789FIG plots/csc_overlaps_alignment/csc_coordinates.pdf 3>

<plots/csc_overlaps_alignment/csc_coordinates.pdf, id=176, 404.69193pt x 435.81
497pt>
File: plots/csc_overlaps_alignment/csc_coordinates.pdf Graphic file (type pdf)
<use plots/csc_overlaps_alignment/csc_coordinates.pdf>
<789FIG BigDraft 3>
File: BigDraft.pdf Graphic file (type pdf)
<use BigDraft.pdf> [4 </home/jpivarski/work/hepr8.physics.tamu.edu/talks/tdr2/p
apers/CFT-09-016/trunk/plots/gma_hip_algorithm/dt_coordinates.pdf

pdfTeX warning: pdflatex (file /home/jpivarski/work/hepr8.physics.tamu.edu/talk
s/tdr2/papers/CFT-09-016/trunk/plots/gma_hip_algorithm/dt_coordinates.pdf): PDF
 inclusion: Page Group detected which pdfTeX can't handle. Ignoring it.
> </home/jpivarski/work/hepr8.physics.tamu.edu/talks/tdr2/papers/CFT-09-016/tru
nk/plots/csc_overlaps_alignment/csc_coordinates.pdf

pdfTeX warning: pdflatex (file /home/jpivarski/work/hepr8.physics.tamu.edu/talk
s/tdr2/papers/CFT-09-016/trunk/plots/csc_overlaps_alignment/csc_coordinates.pdf
): PDF inclusion: Page Group detected which pdfTeX can't handle. Ignoring it.
>]
LaTeX Font Info:    Font shape `OT1/phv/bx/n' in size <12> not available
(Font)              Font shape `OT1/phv/b/n' tried instead on input line 316.
<789FIG BigDraft 3>
File: BigDraft.pdf Graphic file (type pdf)
<use BigDraft.pdf> [5]
<789FIG BigDraft 3>
File: BigDraft.pdf Graphic file (type pdf)
<use BigDraft.pdf> [6]
<789FIG plots/standalone_dt_alignment/residualsStandaloneAlignment.pdf 4>

<plots/standalone_dt_alignment/residualsStandaloneAlignment.pdf, id=217, 569.12
625pt x 543.02875pt>
File: plots/standalone_dt_alignment/residualsStandaloneAlignment.pdf Graphic fi
le (type pdf)
<use plots/standalone_dt_alignment/residualsStandaloneAlignment.pdf>
<789FIG plots/standalone_dt_alignment/DiffereceancesAllSurveyTracks.pdf 4>

<plots/standalone_dt_alignment/DiffereceancesAllSurveyTracks.pdf, id=218, 546.8
0176pt x 528.30823pt>
File: plots/standalone_dt_alignment/DiffereceancesAllSurveyTracks.pdf Graphic f
ile (type pdf)
<use plots/standalone_dt_alignment/DiffereceancesAllSurveyTracks.pdf>
<789FIG BigDraft 4>
File: BigDraft.pdf Graphic file (type pdf)
<use BigDraft.pdf> [7 </home/jpivarski/work/hepr8.physics.tamu.edu/talks/tdr2/p
apers/CFT-09-016/trunk/plots/standalone_dt_alignment/residualsStandaloneAlignme
nt.pdf

pdfTeX warning: pdflatex (file /home/jpivarski/work/hepr8.physics.tamu.edu/talk
s/tdr2/papers/CFT-09-016/trunk/plots/standalone_dt_alignment/residualsStandalon
eAlignment.pdf): PDF inclusion: Page Group detected which pdfTeX can't handle. 
Ignoring it.
> </home/jpivarski/work/hepr8.physics.tamu.edu/talks/tdr2/papers/CFT-09-016/tru
nk/plots/standalone_dt_alignment/DiffereceancesAllSurveyTracks.pdf

pdfTeX warning: pdflatex (file /home/jpivarski/work/hepr8.physics.tamu.edu/talk
s/tdr2/papers/CFT-09-016/trunk/plots/standalone_dt_alignment/DiffereceancesAllS
urveyTracks.pdf): PDF inclusion: Page Group detected which pdfTeX can't handle.
 Ignoring it.
>]
<789FIG BigDraft 4>
File: BigDraft.pdf Graphic file (type pdf)
<use BigDraft.pdf> [8]
<789FIG BigDraft 4>
File: BigDraft.pdf Graphic file (type pdf)
<use BigDraft.pdf> [9]
<789FIG plots/csc_overlaps_alignment/delta_both_goodcolors.pdf 4>

<plots/csc_overlaps_alignment/delta_both_goodcolors.pdf, id=253, 1056.0092pt x 
567.05142pt>
File: plots/csc_overlaps_alignment/delta_both_goodcolors.pdf Graphic file (type
 pdf)
<use plots/csc_overlaps_alignment/delta_both_goodcolors.pdf>
Underfull \hbox (badness 1127) in paragraph at lines 690--690
[]\OT1/ppl/m/n/10.95 Figure 5: []Difference be-tween CSC po-si-tions and their 
pho-togram-me-try mea-sure-ments.
 []

<789FIG BigDraft 5>
File: BigDraft.pdf Graphic file (type pdf)
<use BigDraft.pdf> [10 </home/jpivarski/work/hepr8.physics.tamu.edu/talks/tdr2/
papers/CFT-09-016/trunk/plots/csc_overlaps_alignment/delta_both_goodcolors.pdf

pdfTeX warning: pdflatex (file /home/jpivarski/work/hepr8.physics.tamu.edu/talk
s/tdr2/papers/CFT-09-016/trunk/plots/csc_overlaps_alignment/delta_both_goodcolo
rs.pdf): PDF inclusion: Page Group detected which pdfTeX can't handle. Ignoring
 it.
>]
<789FIG BigDraft 5>
File: BigDraft.pdf Graphic file (type pdf)
<use BigDraft.pdf> [11]
<789FIG BigDraft 5>
File: BigDraft.pdf Graphic file (type pdf)
<use BigDraft.pdf> [12]
<789FIG plots/gma_hip_algorithm/exampleData_wh0st1sec10_polybefore.pdf 5>

<plots/gma_hip_algorithm/exampleData_wh0st1sec10_polybefore.pdf, id=298, 284.95
215pt x 483.27719pt>
File: plots/gma_hip_algorithm/exampleData_wh0st1sec10_polybefore.pdf Graphic fi
le (type pdf)
<use plots/gma_hip_algorithm/exampleData_wh0st1sec10_polybefore.pdf>
<789FIG plots/gma_hip_algorithm/exampleData_wh0st1sec10_polyafter.pdf 5>

<plots/gma_hip_algorithm/exampleData_wh0st1sec10_polyafter.pdf, id=299, 274.570
62pt x 483.11066pt>
File: plots/gma_hip_algorithm/exampleData_wh0st1sec10_polyafter.pdf Graphic fil
e (type pdf)
<use plots/gma_hip_algorithm/exampleData_wh0st1sec10_polyafter.pdf>
<789FIG BigDraft 6>
File: BigDraft.pdf Graphic file (type pdf)
<use BigDraft.pdf> [13]
<789FIG BigDraft 6>
File: BigDraft.pdf Graphic file (type pdf)
<use BigDraft.pdf> [14 </home/jpivarski/work/hepr8.physics.tamu.edu/talks/tdr2/
papers/CFT-09-016/trunk/plots/gma_hip_algorithm/exampleData_wh0st1sec10_polybef
ore.pdf

pdfTeX warning: pdflatex (file /home/jpivarski/work/hepr8.physics.tamu.edu/talk
s/tdr2/papers/CFT-09-016/trunk/plots/gma_hip_algorithm/exampleData_wh0st1sec10_
polybefore.pdf): PDF inclusion: Page Group detected which pdfTeX can't handle. 
Ignoring it.
> </home/jpivarski/work/hepr8.physics.tamu.edu/talks/tdr2/papers/CFT-09-016/tru
nk/plots/gma_hip_algorithm/exampleData_wh0st1sec10_polyafter.pdf

pdfTeX warning: pdflatex (file /home/jpivarski/work/hepr8.physics.tamu.edu/talk
s/tdr2/papers/CFT-09-016/trunk/plots/gma_hip_algorithm/exampleData_wh0st1sec10_
polyafter.pdf): PDF inclusion: Page Group detected which pdfTeX can't handle. I
gnoring it.
>]
Overfull \hbox (1.98991pt too wide) in paragraph at lines 1000--1010
\OT1/ppl/m/n/10.95 To test the align-ment al-go-rithm, a large sam-ple of cos-m
ic rays was sim-u-lated (us-ing [],
 []

<789FIG plots/mc_and_syst_studies/hip_MC.pdf 6>
<plots/mc_and_syst_studies/hip_MC.pdf, id=328, 317.38576pt x 569.12625pt>
File: plots/mc_and_syst_studies/hip_MC.pdf Graphic file (type pdf)
<use plots/mc_and_syst_studies/hip_MC.pdf>
<789FIG BigDraft 7>
File: BigDraft.pdf Graphic file (type pdf)
<use BigDraft.pdf> [15]
<789FIG BigDraft 7>
File: BigDraft.pdf Graphic file (type pdf)
<use BigDraft.pdf> [16 </home/jpivarski/work/hepr8.physics.tamu.edu/talks/tdr2/
papers/CFT-09-016/trunk/plots/mc_and_syst_studies/hip_MC.pdf

pdfTeX warning: pdflatex (file /home/jpivarski/work/hepr8.physics.tamu.edu/talk
s/tdr2/papers/CFT-09-016/trunk/plots/mc_and_syst_studies/hip_MC.pdf): PDF inclu
sion: Page Group detected which pdfTeX can't handle. Ignoring it.
>]
<789FIG plots/gma_hip_results/statscheck_rawresiduals.pdf 7>

<plots/gma_hip_results/statscheck_rawresiduals.pdf, id=348, 308.33768pt x 551.6
7287pt>
File: plots/gma_hip_results/statscheck_rawresiduals.pdf Graphic file (type pdf)

<use plots/gma_hip_results/statscheck_rawresiduals.pdf>
<789FIG plots/gma_hip_results/statscheck_medians.pdf 8>

<plots/gma_hip_results/statscheck_medians.pdf, id=349, 307.8589pt x 550.57121pt
>
File: plots/gma_hip_results/statscheck_medians.pdf Graphic file (type pdf)
<use plots/gma_hip_results/statscheck_medians.pdf>
<789FIG plots/validation/segment_extrapolation.pdf 9>

<plots/validation/segment_extrapolation.pdf, id=354, 319.03128pt x 549.26071pt>
File: plots/validation/segment_extrapolation.pdf Graphic file (type pdf)
<use plots/validation/segment_extrapolation.pdf>
<789FIG BigDraft 10>
File: BigDraft.pdf Graphic file (type pdf)
<use BigDraft.pdf> [17]
<789FIG BigDraft 10>
File: BigDraft.pdf Graphic file (type pdf)
<use BigDraft.pdf> [18 </home/jpivarski/work/hepr8.physics.tamu.edu/talks/tdr2/
papers/CFT-09-016/trunk/plots/gma_hip_results/statscheck_rawresiduals.pdf

pdfTeX warning: pdflatex (file /home/jpivarski/work/hepr8.physics.tamu.edu/talk
s/tdr2/papers/CFT-09-016/trunk/plots/gma_hip_results/statscheck_rawresiduals.pd
f): PDF inclusion: Page Group detected which pdfTeX can't handle. Ignoring it.
> </home/jpivarski/work/hepr8.physics.tamu.edu/talks/tdr2/papers/CFT-09-016/tru
nk/plots/gma_hip_results/statscheck_medians.pdf

pdfTeX warning: pdflatex (file /home/jpivarski/work/hepr8.physics.tamu.edu/talk
s/tdr2/papers/CFT-09-016/trunk/plots/gma_hip_results/statscheck_medians.pdf): P
DF inclusion: Page Group detected which pdfTeX can't handle. Ignoring it.
>]
<789FIG BigDraft 10>
File: BigDraft.pdf Graphic file (type pdf)
<use BigDraft.pdf> [19 </home/jpivarski/work/hepr8.physics.tamu.edu/talks/tdr2/
papers/CFT-09-016/trunk/plots/validation/segment_extrapolation.pdf

pdfTeX warning: pdflatex (file /home/jpivarski/work/hepr8.physics.tamu.edu/talk
s/tdr2/papers/CFT-09-016/trunk/plots/validation/segment_extrapolation.pdf): PDF
 inclusion: Page Group detected which pdfTeX can't handle. Ignoring it.
>]
<789FIG plots/gma_hip_results/onlyhip.pdf 10>
<plots/gma_hip_results/onlyhip.pdf, id=388, 514.05882pt x 518.68181pt>
File: plots/gma_hip_results/onlyhip.pdf Graphic file (type pdf)
<use plots/gma_hip_results/onlyhip.pdf>
<789FIG BigDraft 11>
File: BigDraft.pdf Graphic file (type pdf)
<use BigDraft.pdf> [20]
<789FIG BigDraft 11>
File: BigDraft.pdf Graphic file (type pdf)
<use BigDraft.pdf> [21 </home/jpivarski/work/hepr8.physics.tamu.edu/talks/tdr2/
papers/CFT-09-016/trunk/plots/gma_hip_results/onlyhip.pdf

pdfTeX warning: pdflatex (file /home/jpivarski/work/hepr8.physics.tamu.edu/talk
s/tdr2/papers/CFT-09-016/trunk/plots/gma_hip_results/onlyhip.pdf): PDF inclusio
n: Page Group detected which pdfTeX can't handle. Ignoring it.
>]
<789FIG BigDraft 11>
File: BigDraft.pdf Graphic file (type pdf)
<use BigDraft.pdf> [22]
<567INP CFT-09-016_temp.bbl>

(/home/jpivarski/work/hepr8.physics.tamu.edu/talks/tdr2/papers/tmp/CFT-09-016_t
emp.bbl
LaTeX Font Info:    Font shape `OT1/ppl/bx/n' in size <10.95> not available
(Font)              Font shape `OT1/ppl/b/n' tried instead on input line 4.
LaTeX Font Info:    Try loading font information for OT1+pcr on input line 9.
LaTeX Font Info:    <567INP ot1pcr.fd> on input line 9.
(/usr/share/texmf-texlive/tex/latex/psnfss/ot1pcr.fd
File: ot1pcr.fd 2001/06/04 font definitions for OT1/pcr.
)
<789FIG BigDraft 11>
File: BigDraft.pdf Graphic file (type pdf)
<use BigDraft.pdf> [23])
<789FIG BigDraft 11>
File: BigDraft.pdf Graphic file (type pdf)
<use BigDraft.pdf> [24]
(/home/jpivarski/work/hepr8.physics.tamu.edu/talks/tdr2/papers/tmp/CFT-09-016_t
emp.aux) ) 
Here is how much of TeX's memory you used:
 6051 strings out of 95086
 79779 string characters out of 1183254
 150380 words of memory out of 1500000
 8935 multiletter control sequences out of 10000+50000
 49571 words of font info for 121 fonts, out of 1200000 for 2000
 32 hyphenation exceptions out of 8191
 41i,13n,45p,1123b,470s stack positions out of 5000i,500n,6000p,200000b,5000s
{/usr/share/texmf-texlive/fonts/enc/dvips/base/8r.enc}</usr/share/tex
mf-texlive/fonts/type1/bluesky/cm/cmex10.pfb></usr/share/texmf-texlive/fonts/ty
pe1/bluesky/cm/cmmi10.pfb></usr/share/texmf-texlive/fonts/type1/bluesky/cm/cmr1
0.pfb></usr/share/texmf-texlive/fonts/type1/bluesky/cm/cmsy10.pfb></usr/share/t
exmf-texlive/fonts/type1/public/mathpazo/fplmr.pfb></usr/share/texmf-texlive/fo
nts/type1/public/mathpazo/fplmri.pfb></usr/share/texmf-texlive/fonts/type1/urw/
courier/ucrr8a.pfb></usr/share/texmf-texlive/fonts/type1/urw/helvetic/uhvb8a.pf
b></usr/share/texmf-texlive/fonts/type1/urw/helvetic/uhvr8a.pfb></usr/share/tex
mf-texlive/fonts/type1/urw/palatino/uplb8a.pfb></usr/share/texmf-texlive/fonts/
type1/urw/palatino/uplr8a.pfb></usr/share/texmf-texlive/fonts/type1/urw/palatin
o/uplri8a.pfb>
Output written on CFT-09-016_temp.pdf (26 pages, 1490880 bytes).
PDF statistics:
 514 PDF objects out of 1000 (max. 8388607)
 100 named destinations out of 1000 (max. 131072)
 233 words of extra memory for PDF output out of 10000 (max. 10000000)

